<?xml version="1.0" encoding="UTF-8"?>
<!-- Generated by org.testng.reporters.JUnitReportReporter -->
<testsuite hostname="alok-PC" failures="0" tests="1" name="com.swaglab.test.CartPageTest" time="0.023" errors="0" timestamp="31 Dec 2021 02:50:36 GMT">
  <testcase classname="com.swaglab.test.CartPageTest" name="verifyTitleOfPage" time="0.023"/>
</testsuite> <!-- com.swaglab.test.CartPageTest -->
